<?xml version="1.0" encoding="UTF-8"?>
<!-- Generated by org.testng.reporters.JUnitXMLReporter -->
<testsuite ignored="0" hostname="NDA-DL-MKHAN" failures="1" tests="2" name="Chrome Test" time="71.163" errors="0" timestamp="30 Jul 2021 02:25:49 GMT">
  <testcase classname="tests.FlightSearchTest" name="searchFlight" time="13.501"/>
  <testcase classname="tests.HotelSearchTest" name="searchHotel" time="14.721">
    <failure type="java.lang.AssertionError" message="expected [true] but found [false]">
      <![CDATA[java.lang.AssertionError: expected [true] but found [false]
at tests.HotelSearchTest.searchHotel(HotelSearchTest.java:39)
at java.base/java.util.concurrent.FutureTask.run(FutureTask.java:264)
at java.base/java.util.concurrent.ThreadPoolExecutor.runWorker(ThreadPoolExecutor.java:1130)
at java.base/java.util.concurrent.ThreadPoolExecutor$Worker.run(ThreadPoolExecutor.java:630)
at java.base/java.lang.Thread.run(Thread.java:832)
... Removed 20 stack frames]]>
    </failure>
  </testcase> <!-- searchHotel -->
</testsuite> <!-- Chrome Test -->
