<?xml version="1.0" encoding="UTF-8"?>
<testng-results skipped="0" failed="2" ignored="0" total="4" passed="2">
  <reporter-output>
  </reporter-output>
  <suite name="Suite" duration-ms="108609" started-at="2021-07-29T02:27:14Z" finished-at="2021-07-29T02:29:02Z">
    <groups>
    </groups>
    <test name="Chrome Test" duration-ms="97171" started-at="2021-07-29T02:27:14Z" finished-at="2021-07-29T02:28:51Z">
      <class name="tests.FlightSearchTest">
        <test-method status="PASS" signature="init(java.lang.String, java.lang.String)[pri:0, instance:tests.FlightSearchTest@6379eb]" name="init" is-config="true" duration-ms="22917" started-at="2021-07-29T02:27:14Z" finished-at="2021-07-29T02:27:37Z">
          <params>
            <param index="0">
              <value>
                <![CDATA[chrome]]>
              </value>
            </param>
            <param index="1">
              <value>
                <![CDATA[https://www.expedia.com/]]>
              </value>
            </param>
          </params>
          <reporter-output>
          </reporter-output>
        </test-method> <!-- init -->
        <test-method status="PASS" signature="searchFlight(java.lang.String, java.lang.String, java.lang.String, java.lang.String)[pri:0, instance:tests.FlightSearchTest@6379eb]" name="searchFlight" duration-ms="21274" started-at="2021-07-29T02:27:40Z" data-provider="getData" finished-at="2021-07-29T02:28:01Z">
          <params>
            <param index="0">
              <value>
                <![CDATA[Delhi]]>
              </value>
            </param>
            <param index="1">
              <value>
                <![CDATA[Hyderabad]]>
              </value>
            </param>
            <param index="2">
              <value>
                <![CDATA[Aug 20, 2021]]>
              </value>
            </param>
            <param index="3">
              <value>
                <![CDATA[Aug 26, 2021]]>
              </value>
            </param>
          </params>
          <reporter-output>
          </reporter-output>
        </test-method> <!-- searchFlight -->
        <test-method status="PASS" signature="tearDown()[pri:0, instance:tests.FlightSearchTest@6379eb]" name="tearDown" is-config="true" duration-ms="1682" started-at="2021-07-29T02:28:01Z" finished-at="2021-07-29T02:28:03Z">
          <reporter-output>
          </reporter-output>
        </test-method> <!-- tearDown -->
      </class> <!-- tests.FlightSearchTest -->
      <class name="tests.HotelSearchTest">
        <test-method status="PASS" signature="init(java.lang.String, java.lang.String)[pri:0, instance:tests.HotelSearchTest@294425a7]" name="init" is-config="true" duration-ms="16484" started-at="2021-07-29T02:28:03Z" finished-at="2021-07-29T02:28:19Z">
          <params>
            <param index="0">
              <value>
                <![CDATA[chrome]]>
              </value>
            </param>
            <param index="1">
              <value>
                <![CDATA[https://www.expedia.com/]]>
              </value>
            </param>
          </params>
          <reporter-output>
          </reporter-output>
        </test-method> <!-- init -->
        <test-method status="FAIL" signature="searchHotel(java.lang.String, java.lang.String, java.lang.String, java.lang.String)[pri:0, instance:tests.HotelSearchTest@294425a7]" name="searchHotel" duration-ms="27221" started-at="2021-07-29T02:28:19Z" data-provider="getData" finished-at="2021-07-29T02:28:46Z">
          <params>
            <param index="0">
              <value>
                <![CDATA[Hyderabad]]>
              </value>
            </param>
            <param index="1">
              <value>
                <![CDATA[Aug 19, 2021]]>
              </value>
            </param>
            <param index="2">
              <value>
                <![CDATA[Aug 25, 2021]]>
              </value>
            </param>
            <param index="3">
              <value>
                <![CDATA[Hotel Search Results1]]>
              </value>
            </param>
          </params>
          <exception class="java.lang.AssertionError">
            <message>
              <![CDATA[expected [true] but found [false]]]>
            </message>
            <full-stacktrace>
              <![CDATA[java.lang.AssertionError: expected [true] but found [false]
at org.testng.Assert.fail(Assert.java:96)
at org.testng.Assert.failNotEquals(Assert.java:776)
at org.testng.Assert.assertTrue(Assert.java:44)
at org.testng.Assert.assertTrue(Assert.java:54)
at tests.HotelSearchTest.searchHotel(HotelSearchTest.java:39)
at sun.reflect.NativeMethodAccessorImpl.invoke0(Native Method)
at sun.reflect.NativeMethodAccessorImpl.invoke(NativeMethodAccessorImpl.java:62)
at sun.reflect.DelegatingMethodAccessorImpl.invoke(DelegatingMethodAccessorImpl.java:43)
at java.lang.reflect.Method.invoke(Method.java:498)
at org.testng.internal.MethodInvocationHelper.invokeMethod(MethodInvocationHelper.java:124)
at org.testng.internal.Invoker.invokeMethod(Invoker.java:583)
at org.testng.internal.Invoker.invokeTestMethod(Invoker.java:719)
at org.testng.internal.Invoker.invokeTestMethods(Invoker.java:989)
at org.testng.internal.TestMethodWorker.invokeTestMethods(TestMethodWorker.java:125)
at org.testng.internal.TestMethodWorker.run(TestMethodWorker.java:109)
at org.testng.TestRunner.privateRun(TestRunner.java:648)
at org.testng.TestRunner.run(TestRunner.java:505)
at org.testng.SuiteRunner.runTest(SuiteRunner.java:455)
at org.testng.SuiteRunner.access$000(SuiteRunner.java:40)
at org.testng.SuiteRunner$SuiteWorker.run(SuiteRunner.java:489)
at org.testng.internal.thread.ThreadUtil$1.call(ThreadUtil.java:52)
at java.util.concurrent.FutureTask.run(FutureTask.java:266)
at java.util.concurrent.ThreadPoolExecutor.runWorker(ThreadPoolExecutor.java:1149)
at java.util.concurrent.ThreadPoolExecutor$Worker.run(ThreadPoolExecutor.java:624)
at java.lang.Thread.run(Thread.java:748)
]]>
            </full-stacktrace>
          </exception> <!-- java.lang.AssertionError -->
          <reporter-output>
          </reporter-output>
        </test-method> <!-- searchHotel -->
        <test-method status="PASS" signature="tearDown()[pri:0, instance:tests.HotelSearchTest@294425a7]" name="tearDown" is-config="true" duration-ms="1893" started-at="2021-07-29T02:28:49Z" finished-at="2021-07-29T02:28:51Z">
          <reporter-output>
          </reporter-output>
        </test-method> <!-- tearDown -->
      </class> <!-- tests.HotelSearchTest -->
    </test> <!-- Chrome Test -->
    <test name="Firefox Test" duration-ms="108608" started-at="2021-07-29T02:27:14Z" finished-at="2021-07-29T02:29:02Z">
      <class name="tests.FlightSearchTest">
        <test-method status="PASS" signature="init(java.lang.String, java.lang.String)[pri:0, instance:tests.FlightSearchTest@16d04d3d]" name="init" is-config="true" duration-ms="30557" started-at="2021-07-29T02:27:14Z" finished-at="2021-07-29T02:27:44Z">
          <params>
            <param index="0">
              <value>
                <![CDATA[firefox]]>
              </value>
            </param>
            <param index="1">
              <value>
                <![CDATA[https://www.expedia.com/]]>
              </value>
            </param>
          </params>
          <reporter-output>
          </reporter-output>
        </test-method> <!-- init -->
        <test-method status="PASS" signature="searchFlight(java.lang.String, java.lang.String, java.lang.String, java.lang.String)[pri:0, instance:tests.FlightSearchTest@16d04d3d]" name="searchFlight" duration-ms="23968" started-at="2021-07-29T02:27:45Z" data-provider="getData" finished-at="2021-07-29T02:28:08Z">
          <params>
            <param index="0">
              <value>
                <![CDATA[Delhi]]>
              </value>
            </param>
            <param index="1">
              <value>
                <![CDATA[Hyderabad]]>
              </value>
            </param>
            <param index="2">
              <value>
                <![CDATA[Aug 20, 2021]]>
              </value>
            </param>
            <param index="3">
              <value>
                <![CDATA[Aug 26, 2021]]>
              </value>
            </param>
          </params>
          <reporter-output>
          </reporter-output>
        </test-method> <!-- searchFlight -->
        <test-method status="PASS" signature="tearDown()[pri:0, instance:tests.FlightSearchTest@16d04d3d]" name="tearDown" is-config="true" duration-ms="8764" started-at="2021-07-29T02:28:08Z" finished-at="2021-07-29T02:28:17Z">
          <reporter-output>
          </reporter-output>
        </test-method> <!-- tearDown -->
      </class> <!-- tests.FlightSearchTest -->
      <class name="tests.HotelSearchTest">
        <test-method status="PASS" signature="init(java.lang.String, java.lang.String)[pri:0, instance:tests.HotelSearchTest@49ec71f8]" name="init" is-config="true" duration-ms="22780" started-at="2021-07-29T02:28:17Z" finished-at="2021-07-29T02:28:40Z">
          <params>
            <param index="0">
              <value>
                <![CDATA[firefox]]>
              </value>
            </param>
            <param index="1">
              <value>
                <![CDATA[https://www.expedia.com/]]>
              </value>
            </param>
          </params>
          <reporter-output>
          </reporter-output>
        </test-method> <!-- init -->
        <test-method status="FAIL" signature="searchHotel(java.lang.String, java.lang.String, java.lang.String, java.lang.String)[pri:0, instance:tests.HotelSearchTest@49ec71f8]" name="searchHotel" duration-ms="17624" started-at="2021-07-29T02:28:40Z" data-provider="getData" finished-at="2021-07-29T02:28:58Z">
          <params>
            <param index="0">
              <value>
                <![CDATA[Hyderabad]]>
              </value>
            </param>
            <param index="1">
              <value>
                <![CDATA[Aug 19, 2021]]>
              </value>
            </param>
            <param index="2">
              <value>
                <![CDATA[Aug 25, 2021]]>
              </value>
            </param>
            <param index="3">
              <value>
                <![CDATA[Hotel Search Results1]]>
              </value>
            </param>
          </params>
          <exception class="java.lang.AssertionError">
            <message>
              <![CDATA[expected [true] but found [false]]]>
            </message>
            <full-stacktrace>
              <![CDATA[java.lang.AssertionError: expected [true] but found [false]
at org.testng.Assert.fail(Assert.java:96)
at org.testng.Assert.failNotEquals(Assert.java:776)
at org.testng.Assert.assertTrue(Assert.java:44)
at org.testng.Assert.assertTrue(Assert.java:54)
at tests.HotelSearchTest.searchHotel(HotelSearchTest.java:39)
at sun.reflect.NativeMethodAccessorImpl.invoke0(Native Method)
at sun.reflect.NativeMethodAccessorImpl.invoke(NativeMethodAccessorImpl.java:62)
at sun.reflect.DelegatingMethodAccessorImpl.invoke(DelegatingMethodAccessorImpl.java:43)
at java.lang.reflect.Method.invoke(Method.java:498)
at org.testng.internal.MethodInvocationHelper.invokeMethod(MethodInvocationHelper.java:124)
at org.testng.internal.Invoker.invokeMethod(Invoker.java:583)
at org.testng.internal.Invoker.invokeTestMethod(Invoker.java:719)
at org.testng.internal.Invoker.invokeTestMethods(Invoker.java:989)
at org.testng.internal.TestMethodWorker.invokeTestMethods(TestMethodWorker.java:125)
at org.testng.internal.TestMethodWorker.run(TestMethodWorker.java:109)
at org.testng.TestRunner.privateRun(TestRunner.java:648)
at org.testng.TestRunner.run(TestRunner.java:505)
at org.testng.SuiteRunner.runTest(SuiteRunner.java:455)
at org.testng.SuiteRunner.access$000(SuiteRunner.java:40)
at org.testng.SuiteRunner$SuiteWorker.run(SuiteRunner.java:489)
at org.testng.internal.thread.ThreadUtil$1.call(ThreadUtil.java:52)
at java.util.concurrent.FutureTask.run(FutureTask.java:266)
at java.util.concurrent.ThreadPoolExecutor.runWorker(ThreadPoolExecutor.java:1149)
at java.util.concurrent.ThreadPoolExecutor$Worker.run(ThreadPoolExecutor.java:624)
at java.lang.Thread.run(Thread.java:748)
]]>
            </full-stacktrace>
          </exception> <!-- java.lang.AssertionError -->
          <reporter-output>
          </reporter-output>
        </test-method> <!-- searchHotel -->
        <test-method status="PASS" signature="tearDown()[pri:0, instance:tests.HotelSearchTest@49ec71f8]" name="tearDown" is-config="true" duration-ms="3188" started-at="2021-07-29T02:28:59Z" finished-at="2021-07-29T02:29:02Z">
          <reporter-output>
          </reporter-output>
        </test-method> <!-- tearDown -->
      </class> <!-- tests.HotelSearchTest -->
    </test> <!-- Firefox Test -->
  </suite> <!-- Suite -->
</testng-results>
