<?xml version="1.0" encoding="UTF-8"?>
<testng-results ignored="0" total="4" passed="2" failed="2" skipped="0">
  <reporter-output>
  </reporter-output>
  <suite started-at="2021-07-30T02:24:38Z" name="Suite" finished-at="2021-07-30T02:26:06Z" duration-ms="88156">
    <groups>
    </groups>
    <test started-at="2021-07-30T02:24:38Z" name="Chrome Test" finished-at="2021-07-30T02:25:49Z" duration-ms="71163">
      <class name="tests.FlightSearchTest">
        <test-method is-config="true" signature="init(java.lang.String, java.lang.String, java.lang.String)[pri:0, instance:tests.FlightSearchTest@497486b3]" started-at="2021-07-30T02:24:38Z" name="init" finished-at="2021-07-30T02:24:59Z" duration-ms="21725" status="PASS">
          <params>
            <param index="0">
              <value>
                <![CDATA[false]]>
              </value>
            </param>
            <param index="1">
              <value>
                <![CDATA[chrome]]>
              </value>
            </param>
            <param index="2">
              <value>
                <![CDATA[https://www.expedia.com/]]>
              </value>
            </param>
          </params>
          <reporter-output>
          </reporter-output>
        </test-method> <!-- init -->
        <test-method signature="searchFlight(java.lang.String, java.lang.String, java.lang.String, java.lang.String)[pri:0, instance:tests.FlightSearchTest@497486b3]" started-at="2021-07-30T02:25:02Z" name="searchFlight" data-provider="getData" finished-at="2021-07-30T02:25:15Z" duration-ms="13501" status="PASS">
          <params>
            <param index="0">
              <value>
                <![CDATA[Delhi]]>
              </value>
            </param>
            <param index="1">
              <value>
                <![CDATA[Hyderabad]]>
              </value>
            </param>
            <param index="2">
              <value>
                <![CDATA[Aug 20, 2021]]>
              </value>
            </param>
            <param index="3">
              <value>
                <![CDATA[Aug 26, 2021]]>
              </value>
            </param>
          </params>
          <reporter-output>
          </reporter-output>
        </test-method> <!-- searchFlight -->
        <test-method is-config="true" signature="tearDown()[pri:0, instance:tests.FlightSearchTest@497486b3]" started-at="2021-07-30T02:25:15Z" name="tearDown" finished-at="2021-07-30T02:25:17Z" duration-ms="1303" status="PASS">
          <reporter-output>
          </reporter-output>
        </test-method> <!-- tearDown -->
      </class> <!-- tests.FlightSearchTest -->
      <class name="tests.HotelSearchTest">
        <test-method is-config="true" signature="init(java.lang.String, java.lang.String, java.lang.String)[pri:0, instance:tests.HotelSearchTest@63f8276e]" started-at="2021-07-30T02:25:17Z" name="init" finished-at="2021-07-30T02:25:31Z" duration-ms="14508" status="PASS">
          <params>
            <param index="0">
              <value>
                <![CDATA[false]]>
              </value>
            </param>
            <param index="1">
              <value>
                <![CDATA[chrome]]>
              </value>
            </param>
            <param index="2">
              <value>
                <![CDATA[https://www.expedia.com/]]>
              </value>
            </param>
          </params>
          <reporter-output>
          </reporter-output>
        </test-method> <!-- init -->
        <test-method signature="searchHotel(java.lang.String, java.lang.String, java.lang.String, java.lang.String)[pri:0, instance:tests.HotelSearchTest@63f8276e]" started-at="2021-07-30T02:25:31Z" name="searchHotel" data-provider="getData" finished-at="2021-07-30T02:25:46Z" duration-ms="14721" status="FAIL">
          <params>
            <param index="0">
              <value>
                <![CDATA[Hyderabad]]>
              </value>
            </param>
            <param index="1">
              <value>
                <![CDATA[Aug 19, 2021]]>
              </value>
            </param>
            <param index="2">
              <value>
                <![CDATA[Aug 25, 2021]]>
              </value>
            </param>
            <param index="3">
              <value>
                <![CDATA[Hotel Search Results1]]>
              </value>
            </param>
          </params>
          <exception class="java.lang.AssertionError">
            <message>
              <![CDATA[expected [true] but found [false]]]>
            </message>
            <full-stacktrace>
              <![CDATA[java.lang.AssertionError: expected [true] but found [false]
at org.testng.Assert.fail(Assert.java:96)
at org.testng.Assert.failNotEquals(Assert.java:776)
at org.testng.Assert.assertTrue(Assert.java:44)
at org.testng.Assert.assertTrue(Assert.java:54)
at tests.HotelSearchTest.searchHotel(HotelSearchTest.java:39)
at java.base/jdk.internal.reflect.NativeMethodAccessorImpl.invoke0(Native Method)
at java.base/jdk.internal.reflect.NativeMethodAccessorImpl.invoke(NativeMethodAccessorImpl.java:64)
at java.base/jdk.internal.reflect.DelegatingMethodAccessorImpl.invoke(DelegatingMethodAccessorImpl.java:43)
at java.base/java.lang.reflect.Method.invoke(Method.java:564)
at org.testng.internal.MethodInvocationHelper.invokeMethod(MethodInvocationHelper.java:124)
at org.testng.internal.Invoker.invokeMethod(Invoker.java:583)
at org.testng.internal.Invoker.invokeTestMethod(Invoker.java:719)
at org.testng.internal.Invoker.invokeTestMethods(Invoker.java:989)
at org.testng.internal.TestMethodWorker.invokeTestMethods(TestMethodWorker.java:125)
at org.testng.internal.TestMethodWorker.run(TestMethodWorker.java:109)
at org.testng.TestRunner.privateRun(TestRunner.java:648)
at org.testng.TestRunner.run(TestRunner.java:505)
at org.testng.SuiteRunner.runTest(SuiteRunner.java:455)
at org.testng.SuiteRunner.access$000(SuiteRunner.java:40)
at org.testng.SuiteRunner$SuiteWorker.run(SuiteRunner.java:489)
at org.testng.internal.thread.ThreadUtil$1.call(ThreadUtil.java:52)
at java.base/java.util.concurrent.FutureTask.run(FutureTask.java:264)
at java.base/java.util.concurrent.ThreadPoolExecutor.runWorker(ThreadPoolExecutor.java:1130)
at java.base/java.util.concurrent.ThreadPoolExecutor$Worker.run(ThreadPoolExecutor.java:630)
at java.base/java.lang.Thread.run(Thread.java:832)
]]>
            </full-stacktrace>
          </exception> <!-- java.lang.AssertionError -->
          <reporter-output>
          </reporter-output>
        </test-method> <!-- searchHotel -->
        <test-method is-config="true" signature="tearDown()[pri:0, instance:tests.HotelSearchTest@63f8276e]" started-at="2021-07-30T02:25:47Z" name="tearDown" finished-at="2021-07-30T02:25:49Z" duration-ms="1355" status="PASS">
          <reporter-output>
          </reporter-output>
        </test-method> <!-- tearDown -->
      </class> <!-- tests.HotelSearchTest -->
    </test> <!-- Chrome Test -->
    <test started-at="2021-07-30T02:24:38Z" name="Firefox Test" finished-at="2021-07-30T02:26:06Z" duration-ms="88156">
      <class name="tests.FlightSearchTest">
        <test-method is-config="true" signature="init(java.lang.String, java.lang.String, java.lang.String)[pri:0, instance:tests.FlightSearchTest@1199fe66]" started-at="2021-07-30T02:24:38Z" name="init" finished-at="2021-07-30T02:25:02Z" duration-ms="24705" status="PASS">
          <params>
            <param index="0">
              <value>
                <![CDATA[false]]>
              </value>
            </param>
            <param index="1">
              <value>
                <![CDATA[firefox]]>
              </value>
            </param>
            <param index="2">
              <value>
                <![CDATA[https://www.expedia.com/]]>
              </value>
            </param>
          </params>
          <reporter-output>
          </reporter-output>
        </test-method> <!-- init -->
        <test-method signature="searchFlight(java.lang.String, java.lang.String, java.lang.String, java.lang.String)[pri:0, instance:tests.FlightSearchTest@1199fe66]" started-at="2021-07-30T02:25:02Z" name="searchFlight" data-provider="getData" finished-at="2021-07-30T02:25:22Z" duration-ms="19707" status="PASS">
          <params>
            <param index="0">
              <value>
                <![CDATA[Delhi]]>
              </value>
            </param>
            <param index="1">
              <value>
                <![CDATA[Hyderabad]]>
              </value>
            </param>
            <param index="2">
              <value>
                <![CDATA[Aug 20, 2021]]>
              </value>
            </param>
            <param index="3">
              <value>
                <![CDATA[Aug 26, 2021]]>
              </value>
            </param>
          </params>
          <reporter-output>
          </reporter-output>
        </test-method> <!-- searchFlight -->
        <test-method is-config="true" signature="tearDown()[pri:0, instance:tests.FlightSearchTest@1199fe66]" started-at="2021-07-30T02:25:22Z" name="tearDown" finished-at="2021-07-30T02:25:30Z" duration-ms="7913" status="PASS">
          <reporter-output>
          </reporter-output>
        </test-method> <!-- tearDown -->
      </class> <!-- tests.FlightSearchTest -->
      <class name="tests.HotelSearchTest">
        <test-method is-config="true" signature="init(java.lang.String, java.lang.String, java.lang.String)[pri:0, instance:tests.HotelSearchTest@614df0a4]" started-at="2021-07-30T02:25:30Z" name="init" finished-at="2021-07-30T02:25:51Z" duration-ms="21280" status="PASS">
          <params>
            <param index="0">
              <value>
                <![CDATA[false]]>
              </value>
            </param>
            <param index="1">
              <value>
                <![CDATA[firefox]]>
              </value>
            </param>
            <param index="2">
              <value>
                <![CDATA[https://www.expedia.com/]]>
              </value>
            </param>
          </params>
          <reporter-output>
          </reporter-output>
        </test-method> <!-- init -->
        <test-method signature="searchHotel(java.lang.String, java.lang.String, java.lang.String, java.lang.String)[pri:0, instance:tests.HotelSearchTest@614df0a4]" started-at="2021-07-30T02:25:51Z" name="searchHotel" data-provider="getData" finished-at="2021-07-30T02:26:03Z" duration-ms="11268" status="FAIL">
          <params>
            <param index="0">
              <value>
                <![CDATA[Hyderabad]]>
              </value>
            </param>
            <param index="1">
              <value>
                <![CDATA[Aug 19, 2021]]>
              </value>
            </param>
            <param index="2">
              <value>
                <![CDATA[Aug 25, 2021]]>
              </value>
            </param>
            <param index="3">
              <value>
                <![CDATA[Hotel Search Results1]]>
              </value>
            </param>
          </params>
          <exception class="java.lang.AssertionError">
            <message>
              <![CDATA[expected [true] but found [false]]]>
            </message>
            <full-stacktrace>
              <![CDATA[java.lang.AssertionError: expected [true] but found [false]
at org.testng.Assert.fail(Assert.java:96)
at org.testng.Assert.failNotEquals(Assert.java:776)
at org.testng.Assert.assertTrue(Assert.java:44)
at org.testng.Assert.assertTrue(Assert.java:54)
at tests.HotelSearchTest.searchHotel(HotelSearchTest.java:39)
at java.base/jdk.internal.reflect.NativeMethodAccessorImpl.invoke0(Native Method)
at java.base/jdk.internal.reflect.NativeMethodAccessorImpl.invoke(NativeMethodAccessorImpl.java:64)
at java.base/jdk.internal.reflect.DelegatingMethodAccessorImpl.invoke(DelegatingMethodAccessorImpl.java:43)
at java.base/java.lang.reflect.Method.invoke(Method.java:564)
at org.testng.internal.MethodInvocationHelper.invokeMethod(MethodInvocationHelper.java:124)
at org.testng.internal.Invoker.invokeMethod(Invoker.java:583)
at org.testng.internal.Invoker.invokeTestMethod(Invoker.java:719)
at org.testng.internal.Invoker.invokeTestMethods(Invoker.java:989)
at org.testng.internal.TestMethodWorker.invokeTestMethods(TestMethodWorker.java:125)
at org.testng.internal.TestMethodWorker.run(TestMethodWorker.java:109)
at org.testng.TestRunner.privateRun(TestRunner.java:648)
at org.testng.TestRunner.run(TestRunner.java:505)
at org.testng.SuiteRunner.runTest(SuiteRunner.java:455)
at org.testng.SuiteRunner.access$000(SuiteRunner.java:40)
at org.testng.SuiteRunner$SuiteWorker.run(SuiteRunner.java:489)
at org.testng.internal.thread.ThreadUtil$1.call(ThreadUtil.java:52)
at java.base/java.util.concurrent.FutureTask.run(FutureTask.java:264)
at java.base/java.util.concurrent.ThreadPoolExecutor.runWorker(ThreadPoolExecutor.java:1130)
at java.base/java.util.concurrent.ThreadPoolExecutor$Worker.run(ThreadPoolExecutor.java:630)
at java.base/java.lang.Thread.run(Thread.java:832)
]]>
            </full-stacktrace>
          </exception> <!-- java.lang.AssertionError -->
          <reporter-output>
          </reporter-output>
        </test-method> <!-- searchHotel -->
        <test-method is-config="true" signature="tearDown()[pri:0, instance:tests.HotelSearchTest@614df0a4]" started-at="2021-07-30T02:26:03Z" name="tearDown" finished-at="2021-07-30T02:26:06Z" duration-ms="2683" status="PASS">
          <reporter-output>
          </reporter-output>
        </test-method> <!-- tearDown -->
      </class> <!-- tests.HotelSearchTest -->
    </test> <!-- Firefox Test -->
  </suite> <!-- Suite -->
</testng-results>
